7
8
17
18
27
28
39
40
41
42
43
44
45
46
49
50
51
52
53
54
55
56
59
60
61
62
63
64
65
66
69
70
71
72
73
74
75
76
79
80
81
82
83
84
85
86
97
98
107
108
117
118
127
128
139
140
141
142
143
144
145
146
149
150
151
152
153
154
155
156
159
160
161
162
163
164
165
166
169
170
171
172
173
174
175
176
179
180
181
182
183
184
185
186
197
198
207
208
217
218
227
228
239
240
241
242
243
244
245
246
249
250
251
252
253
254
255
256
259
260
261
262
263
264
265
266
269
270
271
272
273
274
275
276
279
280
281
282
283
284
285
286
297
298
307
308
317
318
327
328
339
340
341
342
343
344
345
346
349
350
351
352
353
354
355
356
359
360
361
362
363
364
365
366
369
370
371
372
373
374
375
376
379
380
381
382
383
384
385
386
397
398
407
408
417
418
427
428
439
440
441
442
443
444
445
446
449
450
451
452
453
454
455
456
459
460
461
462
463
464
465
466
469
470
471
472
473
474
475
476
479
480
481
482
483
484
485
486
497
498
507
508
517
518
527
528
539
540
541
542
543
544
545
546
549
550
551
552
553
554
555
556
559
560
561
562
563
564
565
566
569
570
571
572
573
574
575
576
579
580
581
582
583
584
585
586
597
598
607
608
617
618
627
628
639
640
641
642
643
644
645
646
649
650
651
652
653
654
655
656
659
660
661
662
663
664
665
666
669
670
671
672
673
674
675
676
679
680
681
682
683
684
685
686
697
698
707
708
717
718
727
728
789
790
791
792
793
794
795
796
799
800
801
802
803
804
805
806
809
810
811
812
813
814
815
816
819
820
821
822
823
824
825
826
829
830
831
832
833
834
835
836
889
890
891
892
893
894
895
896
899
900
901
902
903
904
905
906
909
910
911
912
913
914
915
916
919
920
921
922
923
924
925
926
929
930
931
932
933
934
935
936
997
998
